d:\360安全浏览器下载\2018remote\debug\dll.bsc
d:\360安全浏览器下载\2018remote\dll\debug\vc140.pdb
d:\360安全浏览器下载\2018remote\dll\debug\vc140.idb
d:\360安全浏览器下载\2018remote\dll\debug\stdafx.sbr
d:\360安全浏览器下载\2018remote\dll\debug\screenspy.sbr
d:\360安全浏览器下载\2018remote\dll\debug\manager.sbr
d:\360安全浏览器下载\2018remote\dll\debug\login.sbr
d:\360安全浏览器下载\2018remote\dll\debug\kernelmanager.sbr
d:\360安全浏览器下载\2018remote\dll\debug\iocpclient.sbr
d:\360安全浏览器下载\2018remote\dll\debug\dll.sbr
d:\360安全浏览器下载\2018remote\dll\debug\clientwindowmanager.sbr
d:\360安全浏览器下载\2018remote\dll\debug\clientservicemanager.sbr
d:\360安全浏览器下载\2018remote\dll\debug\clientremotecontroll.sbr
d:\360安全浏览器下载\2018remote\dll\debug\clientregistermanager.sbr
d:\360安全浏览器下载\2018remote\dll\debug\clientprocessmanager.sbr
d:\360安全浏览器下载\2018remote\dll\debug\clientinstantmanager.sbr
d:\360安全浏览器下载\2018remote\dll\debug\clientfilemanager.sbr
d:\360安全浏览器下载\2018remote\dll\debug\clientcmdmanager.sbr
d:\360安全浏览器下载\2018remote\dll\debug\clientcmdmanager.obj
d:\360安全浏览器下载\2018remote\dll\debug\clientfilemanager.obj
d:\360安全浏览器下载\2018remote\dll\debug\clientinstantmanager.obj
d:\360安全浏览器下载\2018remote\dll\debug\clientprocessmanager.obj
d:\360安全浏览器下载\2018remote\dll\debug\clientregistermanager.obj
d:\360安全浏览器下载\2018remote\dll\debug\clientremotecontroll.obj
d:\360安全浏览器下载\2018remote\dll\debug\clientservicemanager.obj
d:\360安全浏览器下载\2018remote\dll\debug\clientwindowmanager.obj
d:\360安全浏览器下载\2018remote\dll\debug\dll.obj
d:\360安全浏览器下载\2018remote\dll\debug\iocpclient.obj
d:\360安全浏览器下载\2018remote\dll\debug\kernelmanager.obj
d:\360安全浏览器下载\2018remote\dll\debug\login.obj
d:\360安全浏览器下载\2018remote\dll\debug\manager.obj
d:\360安全浏览器下载\2018remote\dll\debug\screenspy.obj
d:\360安全浏览器下载\2018remote\dll\debug\stdafx.obj
d:\360安全浏览器下载\2018remote\dll\debug\dllmain.sbr
d:\360安全浏览器下载\2018remote\dll\debug\dllmain.obj
d:\360安全浏览器下载\2018remote\debug\dll.lib
d:\360安全浏览器下载\2018remote\debug\dll.exp
d:\360安全浏览器下载\2018remote\debug\dll.ilk
d:\360安全浏览器下载\2018remote\debug\dll.dll
d:\360安全浏览器下载\2018remote\debug\dll.pdb
d:\360安全浏览器下载\2018remote\dll\debug\dll.res
d:\360安全浏览器下载\2018remote(final)\dll\debug\clientcmdmanager.obj
d:\360安全浏览器下载\2018remote(final)\dll\debug\clientfilemanager.obj
d:\360安全浏览器下载\2018remote(final)\dll\debug\clientinstantmanager.obj
d:\360安全浏览器下载\2018remote(final)\dll\debug\clientprocessmanager.obj
d:\360安全浏览器下载\2018remote(final)\dll\debug\clientregistermanager.obj
d:\360安全浏览器下载\2018remote(final)\dll\debug\clientremotecontroll.obj
d:\360安全浏览器下载\2018remote(final)\dll\debug\clientservicemanager.obj
d:\360安全浏览器下载\2018remote(final)\dll\debug\clientwindowmanager.obj
d:\360安全浏览器下载\2018remote(final)\dll\debug\dll.obj
d:\360安全浏览器下载\2018remote(final)\dll\debug\dllmain.obj
d:\360安全浏览器下载\2018remote(final)\dll\debug\iocpclient.obj
d:\360安全浏览器下载\2018remote(final)\dll\debug\kernelmanager.obj
d:\360安全浏览器下载\2018remote(final)\dll\debug\login.obj
d:\360安全浏览器下载\2018remote(final)\dll\debug\manager.obj
d:\360安全浏览器下载\2018remote(final)\dll\debug\screenspy.obj
d:\360安全浏览器下载\2018remote(final)\dll\debug\stdafx.obj
d:\360安全浏览器下载\2018remote(final)\dll\debug\dll.res
d:\360安全浏览器下载\2018remote(final)\dll\debug\vc140.idb
d:\360安全浏览器下载\2018remote(final)\dll\debug\vc140.pdb
d:\360安全浏览器下载\2018remote(final)\dll\debug\clientcmdmanager.sbr
d:\360安全浏览器下载\2018remote(final)\dll\debug\clientfilemanager.sbr
d:\360安全浏览器下载\2018remote(final)\dll\debug\clientinstantmanager.sbr
d:\360安全浏览器下载\2018remote(final)\dll\debug\clientprocessmanager.sbr
d:\360安全浏览器下载\2018remote(final)\dll\debug\clientregistermanager.sbr
d:\360安全浏览器下载\2018remote(final)\dll\debug\clientremotecontroll.sbr
d:\360安全浏览器下载\2018remote(final)\dll\debug\clientservicemanager.sbr
d:\360安全浏览器下载\2018remote(final)\dll\debug\clientwindowmanager.sbr
d:\360安全浏览器下载\2018remote(final)\dll\debug\dll.sbr
d:\360安全浏览器下载\2018remote(final)\dll\debug\dllmain.sbr
d:\360安全浏览器下载\2018remote(final)\dll\debug\iocpclient.sbr
d:\360安全浏览器下载\2018remote(final)\dll\debug\kernelmanager.sbr
d:\360安全浏览器下载\2018remote(final)\dll\debug\login.sbr
d:\360安全浏览器下载\2018remote(final)\dll\debug\manager.sbr
d:\360安全浏览器下载\2018remote(final)\dll\debug\screenspy.sbr
d:\360安全浏览器下载\2018remote(final)\dll\debug\stdafx.sbr
d:\360安全浏览器下载\2018remote(final)\debug\dll.pdb
d:\360安全浏览器下载\2018remote(final)\debug\dll.dll
d:\360安全浏览器下载\2018remote(final)\debug\dll.bsc
d:\360安全浏览器下载\2018remote(final)\debug\dll.ilk
d:\360安全浏览器下载\2018remote(final)\dll\debug\dll.tlog\bscmake.command.1.tlog
d:\360安全浏览器下载\2018remote(final)\dll\debug\dll.tlog\bscmake.read.1.tlog
d:\360安全浏览器下载\2018remote(final)\dll\debug\dll.tlog\bscmake.write.1.tlog
d:\360安全浏览器下载\2018remote(final)\dll\debug\dll.tlog\cl.command.1.tlog
d:\360安全浏览器下载\2018remote(final)\dll\debug\dll.tlog\cl.read.1.tlog
d:\360安全浏览器下载\2018remote(final)\dll\debug\dll.tlog\cl.write.1.tlog
d:\360安全浏览器下载\2018remote(final)\dll\debug\dll.tlog\dll.write.1u.tlog
d:\360安全浏览器下载\2018remote(final)\dll\debug\dll.tlog\link.command.1.tlog
d:\360安全浏览器下载\2018remote(final)\dll\debug\dll.tlog\link.read.1.tlog
d:\360安全浏览器下载\2018remote(final)\dll\debug\dll.tlog\link.write.1.tlog
d:\360安全浏览器下载\2018remote(final)\dll\debug\dll.tlog\rc.command.1.tlog
d:\360安全浏览器下载\2018remote(final)\dll\debug\dll.tlog\rc.read.1.tlog
d:\360安全浏览器下载\2018remote(final)\dll\debug\dll.tlog\rc.write.1.tlog
