d:\360安全浏览器下载\2018remote\debug\client.bsc
d:\360安全浏览器下载\2018remote\client\debug\vc140.pdb
d:\360安全浏览器下载\2018remote\client\debug\vc140.idb
d:\360安全浏览器下载\2018remote\client\debug\stdafx.sbr
d:\360安全浏览器下载\2018remote\client\debug\client.sbr
d:\360安全浏览器下载\2018remote\client\debug\client.obj
d:\360安全浏览器下载\2018remote\client\debug\stdafx.obj
d:\360安全浏览器下载\2018remote\debug\client.ilk
d:\360安全浏览器下载\2018remote\debug\client.exe
d:\360安全浏览器下载\2018remote\debug\client.pdb
d:\360安全浏览器下载\2018remote(final)\client\debug\client.obj
d:\360安全浏览器下载\2018remote(final)\client\debug\stdafx.obj
d:\360安全浏览器下载\2018remote(final)\client\debug\vc140.idb
d:\360安全浏览器下载\2018remote(final)\client\debug\vc140.pdb
d:\360安全浏览器下载\2018remote(final)\client\debug\client.sbr
d:\360安全浏览器下载\2018remote(final)\client\debug\stdafx.sbr
d:\360安全浏览器下载\2018remote(final)\debug\client.pdb
d:\360安全浏览器下载\2018remote(final)\debug\client.exe
d:\360安全浏览器下载\2018remote(final)\debug\client.bsc
d:\360安全浏览器下载\2018remote(final)\debug\client.ilk
d:\360安全浏览器下载\2018remote(final)\client\debug\client.tlog\bscmake.command.1.tlog
d:\360安全浏览器下载\2018remote(final)\client\debug\client.tlog\bscmake.read.1.tlog
d:\360安全浏览器下载\2018remote(final)\client\debug\client.tlog\bscmake.write.1.tlog
d:\360安全浏览器下载\2018remote(final)\client\debug\client.tlog\cl.command.1.tlog
d:\360安全浏览器下载\2018remote(final)\client\debug\client.tlog\cl.read.1.tlog
d:\360安全浏览器下载\2018remote(final)\client\debug\client.tlog\cl.write.1.tlog
d:\360安全浏览器下载\2018remote(final)\client\debug\client.tlog\link.command.1.tlog
d:\360安全浏览器下载\2018remote(final)\client\debug\client.tlog\link.read.1.tlog
d:\360安全浏览器下载\2018remote(final)\client\debug\client.tlog\link.write.1.tlog
