d:\360安全浏览器下载\2018remote\debug\server.bsc
d:\360安全浏览器下载\2018remote\server\debug\server.pch
d:\360安全浏览器下载\2018remote\server\debug\vc140.pdb
d:\360安全浏览器下载\2018remote\server\debug\vc140.idb
d:\360安全浏览器下载\2018remote\server\debug\stdafx.sbr
d:\360安全浏览器下载\2018remote\server\debug\stdafx.obj
d:\360安全浏览器下载\2018remote\server\debug\_cvolume.sbr
d:\360安全浏览器下载\2018remote\server\debug\windowmanagerdlg.sbr
d:\360安全浏览器下载\2018remote\server\debug\truecolortoolbar.sbr
d:\360安全浏览器下载\2018remote\server\debug\servicemanagerdlg.sbr
d:\360安全浏览器下载\2018remote\server\debug\serversetmanagerdlg.sbr
d:\360安全浏览器下载\2018remote\server\debug\serversetmanager.sbr
d:\360安全浏览器下载\2018remote\server\debug\serverdlg.sbr
d:\360安全浏览器下载\2018remote\server\debug\server.sbr
d:\360安全浏览器下载\2018remote\server\debug\remotecontrolldlg.sbr
d:\360安全浏览器下载\2018remote\server\debug\registermanagerdlg.sbr
d:\360安全浏览器下载\2018remote\server\debug\processmodulemanagerdlg.sbr
d:\360安全浏览器下载\2018remote\server\debug\processmanagerdlg.sbr
d:\360安全浏览器下载\2018remote\server\debug\iocpserver.sbr
d:\360安全浏览器下载\2018remote\server\debug\instantmessagedlg.sbr
d:\360安全浏览器下载\2018remote\server\debug\filemanagerdlg.sbr
d:\360安全浏览器下载\2018remote\server\debug\createclientdlg.sbr
d:\360安全浏览器下载\2018remote\server\debug\common.sbr
d:\360安全浏览器下载\2018remote\server\debug\cmdmanagerdlg.sbr
d:\360安全浏览器下载\2018remote\server\debug\cmdmanagerdlg.obj
d:\360安全浏览器下载\2018remote\server\debug\common.obj
d:\360安全浏览器下载\2018remote\server\debug\createclientdlg.obj
d:\360安全浏览器下载\2018remote\server\debug\filemanagerdlg.obj
d:\360安全浏览器下载\2018remote\server\debug\instantmessagedlg.obj
d:\360安全浏览器下载\2018remote\server\debug\iocpserver.obj
d:\360安全浏览器下载\2018remote\server\debug\processmanagerdlg.obj
d:\360安全浏览器下载\2018remote\server\debug\processmodulemanagerdlg.obj
d:\360安全浏览器下载\2018remote\server\debug\registermanagerdlg.obj
d:\360安全浏览器下载\2018remote\server\debug\remotecontrolldlg.obj
d:\360安全浏览器下载\2018remote\server\debug\server.obj
d:\360安全浏览器下载\2018remote\server\debug\serverdlg.obj
d:\360安全浏览器下载\2018remote\server\debug\serversetmanager.obj
d:\360安全浏览器下载\2018remote\server\debug\serversetmanagerdlg.obj
d:\360安全浏览器下载\2018remote\server\debug\servicemanagerdlg.obj
d:\360安全浏览器下载\2018remote\server\debug\truecolortoolbar.obj
d:\360安全浏览器下载\2018remote\server\debug\windowmanagerdlg.obj
d:\360安全浏览器下载\2018remote\server\debug\_cvolume.obj
d:\360安全浏览器下载\2018remote\debug\server.ilk
d:\360安全浏览器下载\2018remote\debug\server.exe
d:\360安全浏览器下载\2018remote\debug\server.pdb
d:\360安全浏览器下载\2018remote\server\debug\server.res
d:\360安全浏览器下载\2018remote\server\debug\x86.obj
d:\360安全浏览器下载\2018remote\debug\server.lib
d:\360安全浏览器下载\2018remote\debug\server.exp
d:\360安全浏览器下载\2018remote(final)\server\debug\cmdmanagerdlg.obj
d:\360安全浏览器下载\2018remote(final)\server\debug\common.obj
d:\360安全浏览器下载\2018remote(final)\server\debug\createclientdlg.obj
d:\360安全浏览器下载\2018remote(final)\server\debug\filemanagerdlg.obj
d:\360安全浏览器下载\2018remote(final)\server\debug\instantmessagedlg.obj
d:\360安全浏览器下载\2018remote(final)\server\debug\iocpserver.obj
d:\360安全浏览器下载\2018remote(final)\server\debug\processmanagerdlg.obj
d:\360安全浏览器下载\2018remote(final)\server\debug\processmodulemanagerdlg.obj
d:\360安全浏览器下载\2018remote(final)\server\debug\registermanagerdlg.obj
d:\360安全浏览器下载\2018remote(final)\server\debug\remotecontrolldlg.obj
d:\360安全浏览器下载\2018remote(final)\server\debug\server.obj
d:\360安全浏览器下载\2018remote(final)\server\debug\serverdlg.obj
d:\360安全浏览器下载\2018remote(final)\server\debug\serversetmanager.obj
d:\360安全浏览器下载\2018remote(final)\server\debug\serversetmanagerdlg.obj
d:\360安全浏览器下载\2018remote(final)\server\debug\servicemanagerdlg.obj
d:\360安全浏览器下载\2018remote(final)\server\debug\stdafx.obj
d:\360安全浏览器下载\2018remote(final)\server\debug\truecolortoolbar.obj
d:\360安全浏览器下载\2018remote(final)\server\debug\windowmanagerdlg.obj
d:\360安全浏览器下载\2018remote(final)\server\debug\x86.obj
d:\360安全浏览器下载\2018remote(final)\server\debug\_cvolume.obj
d:\360安全浏览器下载\2018remote(final)\server\debug\server.res
d:\360安全浏览器下载\2018remote(final)\server\debug\server.pch
d:\360安全浏览器下载\2018remote(final)\server\debug\vc140.idb
d:\360安全浏览器下载\2018remote(final)\server\debug\vc140.pdb
d:\360安全浏览器下载\2018remote(final)\server\debug\cmdmanagerdlg.sbr
d:\360安全浏览器下载\2018remote(final)\server\debug\common.sbr
d:\360安全浏览器下载\2018remote(final)\server\debug\createclientdlg.sbr
d:\360安全浏览器下载\2018remote(final)\server\debug\filemanagerdlg.sbr
d:\360安全浏览器下载\2018remote(final)\server\debug\instantmessagedlg.sbr
d:\360安全浏览器下载\2018remote(final)\server\debug\iocpserver.sbr
d:\360安全浏览器下载\2018remote(final)\server\debug\processmanagerdlg.sbr
d:\360安全浏览器下载\2018remote(final)\server\debug\processmodulemanagerdlg.sbr
d:\360安全浏览器下载\2018remote(final)\server\debug\registermanagerdlg.sbr
d:\360安全浏览器下载\2018remote(final)\server\debug\remotecontrolldlg.sbr
d:\360安全浏览器下载\2018remote(final)\server\debug\server.sbr
d:\360安全浏览器下载\2018remote(final)\server\debug\serverdlg.sbr
d:\360安全浏览器下载\2018remote(final)\server\debug\serversetmanager.sbr
d:\360安全浏览器下载\2018remote(final)\server\debug\serversetmanagerdlg.sbr
d:\360安全浏览器下载\2018remote(final)\server\debug\servicemanagerdlg.sbr
d:\360安全浏览器下载\2018remote(final)\server\debug\stdafx.sbr
d:\360安全浏览器下载\2018remote(final)\server\debug\truecolortoolbar.sbr
d:\360安全浏览器下载\2018remote(final)\server\debug\windowmanagerdlg.sbr
d:\360安全浏览器下载\2018remote(final)\server\debug\_cvolume.sbr
d:\360安全浏览器下载\2018remote(final)\debug\server.pdb
d:\360安全浏览器下载\2018remote(final)\debug\server.exe
d:\360安全浏览器下载\2018remote(final)\debug\server.bsc
d:\360安全浏览器下载\2018remote(final)\debug\server.ilk
d:\360安全浏览器下载\2018remote(final)\server\debug\server.tlog\bscmake.command.1.tlog
d:\360安全浏览器下载\2018remote(final)\server\debug\server.tlog\bscmake.read.1.tlog
d:\360安全浏览器下载\2018remote(final)\server\debug\server.tlog\bscmake.write.1.tlog
d:\360安全浏览器下载\2018remote(final)\server\debug\server.tlog\cl.command.1.tlog
d:\360安全浏览器下载\2018remote(final)\server\debug\server.tlog\cl.read.1.tlog
d:\360安全浏览器下载\2018remote(final)\server\debug\server.tlog\cl.write.1.tlog
d:\360安全浏览器下载\2018remote(final)\server\debug\server.tlog\link.command.1.tlog
d:\360安全浏览器下载\2018remote(final)\server\debug\server.tlog\link.read.1.tlog
d:\360安全浏览器下载\2018remote(final)\server\debug\server.tlog\link.write.1.tlog
d:\360安全浏览器下载\2018remote(final)\server\debug\server.tlog\rc.command.1.tlog
d:\360安全浏览器下载\2018remote(final)\server\debug\server.tlog\rc.read.1.tlog
d:\360安全浏览器下载\2018remote(final)\server\debug\server.tlog\rc.write.1.tlog
d:\360安全浏览器下载\2018remote(final)\server\debug\server.tlog\server.write.1u.tlog
